# JRE version: OpenJDK Runtime Environment (17.0.14+7) (build 17.0.14+7-nixos)
# Java VM: OpenJDK 64-Bit Server VM (17.0.14+7-nixos, mixed mode, sharing, tiered, compressed oops, compressed class ptrs, g1 gc, linux-amd64)
GC Precious Log:
 CPUs: 8 total, 8 available
 Memory: 15766M
 Large Page Support: Disabled
 NUMA Support: Disabled
 Compressed Oops: Enabled (32-bit)
 Heap Region Size: 1M
 Heap Min Capacity: 64M
 Heap Initial Capacity: 64M
 Heap Max Capacity: 1G
 Pre-touch: Disabled
 Parallel Workers: 8
 Concurrent Workers: 2
 Concurrent Refinement Workers: 8
 Periodic GC: Disabled
Heap:
 garbage-first heap   total 135168K, used 67592K [0x00000000c0000000, 0x0000000100000000)
  region size 1024K, 8 young (8192K), 5 survivors (5120K)
 Metaspace       used 19615K, committed 20352K, reserved 1114112K
  class space    used 1965K, committed 2304K, reserved 1048576K
GC Heap History (20 events):
Event: 0.477 GC heap before
{Heap before GC invocations=0 (full 0):
 garbage-first heap   total 67584K, used 23472K [0x00000000c0000000, 0x0000000100000000)
  region size 1024K, 23 young (23552K), 0 survivors (0K)
 Metaspace       used 6817K, committed 6912K, reserved 1114112K
  class space    used 666K, committed 704K, reserved 1048576K
}
Event: 0.479 GC heap after
{Heap after GC invocations=1 (full 0):
 garbage-first heap   total 67584K, used 4547K [0x00000000c0000000, 0x0000000100000000)
  region size 1024K, 3 young (3072K), 3 survivors (3072K)
 Metaspace       used 6817K, committed 6912K, reserved 1114112K
  class space    used 666K, committed 704K, reserved 1048576K
}
Event: 0.744 GC heap before
{Heap before GC invocations=1 (full 0):
 garbage-first heap   total 67584K, used 34243K [0x00000000c0000000, 0x0000000100000000)
  region size 1024K, 32 young (32768K), 3 survivors (3072K)
 Metaspace       used 8055K, committed 8192K, reserved 1114112K
  class space    used 791K, committed 832K, reserved 1048576K
}
Event: 0.749 GC heap after
{Heap after GC invocations=2 (full 0):
 garbage-first heap   total 67584K, used 8954K [0x00000000c0000000, 0x0000000100000000)
  region size 1024K, 4 young (4096K), 4 survivors (4096K)
 Metaspace       used 8055K, committed 8192K, reserved 1114112K
  class space    used 791K, committed 832K, reserved 1048576K
}
Event: 0.984 GC heap before
{Heap before GC invocations=2 (full 0):
 garbage-first heap   total 67584K, used 40698K [0x00000000c0000000, 0x0000000100000000)
  region size 1024K, 35 young (35840K), 4 survivors (4096K)
 Metaspace       used 8290K, committed 8384K, reserved 1114112K
  class space    used 792K, committed 832K, reserved 1048576K
}
Event: 0.988 GC heap after
{Heap after GC invocations=3 (full 0):
 garbage-first heap   total 67584K, used 11302K [0x00000000c0000000, 0x0000000100000000)
  region size 1024K, 5 young (5120K), 5 survivors (5120K)
 Metaspace       used 8290K, committed 8384K, reserved 1114112K
  class space    used 792K, committed 832K, reserved 1048576K
}
Event: 1.124 GC heap before
{Heap before GC invocations=3 (full 0):
 garbage-first heap   total 67584K, used 43046K [0x00000000c0000000, 0x0000000100000000)
  region size 1024K, 36 young (36864K), 5 survivors (5120K)
 Metaspace       used 8545K, committed 8704K, reserved 1114112K
  class space    used 798K, committed 832K, reserved 1048576K
}
Event: 1.134 GC heap after
{Heap after GC invocations=4 (full 0):
 garbage-first heap   total 67584K, used 25520K [0x00000000c0000000, 0x0000000100000000)
  region size 1024K, 5 young (5120K), 5 survivors (5120K)
 Metaspace       used 8545K, committed 8704K, reserved 1114112K
  class space    used 798K, committed 832K, reserved 1048576K
}
Event: 1.153 GC heap before
{Heap before GC invocations=4 (full 0):
 garbage-first heap   total 67584K, used 40880K [0x00000000c0000000, 0x0000000100000000)
  region size 1024K, 20 young (20480K), 5 survivors (5120K)
 Metaspace       used 8553K, committed 8704K, reserved 1114112K
  class space    used 798K, committed 832K, reserved 1048576K
}
Event: 1.163 GC heap after
{Heap after GC invocations=5 (full 0):
 garbage-first heap   total 67584K, used 38805K [0x00000000c0000000, 0x0000000100000000)
  region size 1024K, 3 young (3072K), 3 survivors (3072K)
 Metaspace       used 8553K, committed 8704K, reserved 1114112K
  class space    used 798K, committed 832K, reserved 1048576K
}
Event: 1.181 GC heap before
{Heap before GC invocations=5 (full 0):
 garbage-first heap   total 67584K, used 46997K [0x00000000c0000000, 0x0000000100000000)
  region size 1024K, 11 young (11264K), 3 survivors (3072K)
 Metaspace       used 8571K, committed 8704K, reserved 1114112K
  class space    used 798K, committed 832K, reserved 1048576K
}
Event: 1.187 GC heap after
{Heap after GC invocations=6 (full 0):
 garbage-first heap   total 135168K, used 44976K [0x00000000c0000000, 0x0000000100000000)
  region size 1024K, 2 young (2048K), 2 survivors (2048K)
 Metaspace       used 8571K, committed 8704K, reserved 1114112K
  class space    used 798K, committed 832K, reserved 1048576K
}
Event: 1.265 GC heap before
{Heap before GC invocations=7 (full 0):
 garbage-first heap   total 135168K, used 74672K [0x00000000c0000000, 0x0000000100000000)
  region size 1024K, 31 young (31744K), 2 survivors (2048K)
 Metaspace       used 8581K, committed 8704K, reserved 1114112K
  class space    used 798K, committed 832K, reserved 1048576K
}
Event: 1.270 GC heap after
{Heap after GC invocations=8 (full 0):
 garbage-first heap   total 135168K, used 50882K [0x00000000c0000000, 0x0000000100000000)
  region size 1024K, 4 young (4096K), 4 survivors (4096K)
 Metaspace       used 8581K, committed 8704K, reserved 1114112K
  class space    used 798K, committed 832K, reserved 1048576K
}
Event: 1.575 GC heap before
{Heap before GC invocations=8 (full 0):
 garbage-first heap   total 135168K, used 80578K [0x00000000c0000000, 0x0000000100000000)
  region size 1024K, 33 young (33792K), 4 survivors (4096K)
 Metaspace       used 11722K, committed 11904K, reserved 1114112K
  class space    used 1120K, committed 1216K, reserved 1048576K
}
Event: 1.583 GC heap after
{Heap after GC invocations=9 (full 0):
 garbage-first heap   total 135168K, used 58288K [0x00000000c0000000, 0x0000000100000000)
  region size 1024K, 5 young (5120K), 5 survivors (5120K)
 Metaspace       used 11722K, committed 11904K, reserved 1114112K
  class space    used 1120K, committed 1216K, reserved 1048576K
}
Event: 1.835 GC heap before
{Heap before GC invocations=9 (full 0):
 garbage-first heap   total 135168K, used 85936K [0x00000000c0000000, 0x0000000100000000)
  region size 1024K, 33 young (33792K), 5 survivors (5120K)
 Metaspace       used 11996K, committed 12224K, reserved 1114112K
  class space    used 1122K, committed 1216K, reserved 1048576K
}
Event: 1.842 GC heap after
{Heap after GC invocations=10 (full 0):
 garbage-first heap   total 135168K, used 61054K [0x00000000c0000000, 0x0000000100000000)
  region size 1024K, 5 young (5120K), 5 survivors (5120K)
 Metaspace       used 11996K, committed 12224K, reserved 1114112K
  class space    used 1122K, committed 1216K, reserved 1048576K
}
Event: 2.328 GC heap before
{Heap before GC invocations=10 (full 0):
 garbage-first heap   total 135168K, used 89726K [0x00000000c0000000, 0x0000000100000000)
  region size 1024K, 34 young (34816K), 5 survivors (5120K)
 Metaspace       used 18723K, committed 19392K, reserved 1114112K
  class space    used 1877K, committed 2176K, reserved 1048576K
}
Event: 2.333 GC heap after
{Heap after GC invocations=11 (full 0):
 garbage-first heap   total 135168K, used 65544K [0x00000000c0000000, 0x0000000100000000)
  region size 1024K, 5 young (5120K), 5 survivors (5120K)
 Metaspace       used 18723K, committed 19392K, reserved 1114112K
  class space    used 1877K, committed 2176K, reserved 1048576K
}

